#
# A fatal error has been detected by the Java Runtime Environment:
#
#  SIGSEGV (0xb) at pc=0x0000000110bccf5a, pid=15511, tid=0x0000000000000103
#
# JRE version: Java(TM) SE Runtime Environment (8.0_391) (build 1.8.0_391-b13)
# Java VM: Java HotSpot(TM) 64-Bit Server VM (25.391-b13 mixed mode bsd-amd64 compressed oops)
# Problematic frame:
# V  [libjvm.dylib+0x497f5a]  SR_handler(int, __siginfo*, __darwin_ucontext*)+0x2b
#
# Failed to write core dump. Core dumps have been disabled. To enable core dumping, try "ulimit -c unlimited" before starting Java again
#
# If you would like to submit a bug report, please visit:
#   http://bugreport.java.com/bugreport/crash.jsp
#

---------------  T H R E A D  ---------------

Current thread is native thread

siginfo: si_signo: 11 (SIGSEGV), si_code: 1 (SEGV_MAPERR), si_addr: 0x0000000000000130

Registers:
RAX=0x0000000000000000, RBX=0x00007ffee46bce78, RCX=0x00000001106f4eac, RDX=0x00007ffee46bcee0
RSP=0x00007ffee46bca10, RBP=0x00007ffee46bca40, RSI=0x00007ffee46bce78, RDI=0x000000000000010d
R8 =0x00007ffee46bcee0, R9 =0x018a2b6ffbd23c7c, R10=0x0000000000000c00, R11=0x0000000000000206
R12=0x0000000000000001, R13=0x0000000000000c00, R14=0x00007ffee46bcee0, R15=0x0000000000000000
RIP=0x0000000110bccf5a, EFLAGS=0x0000000000010206, ERR=0x0000000000000004
  TRAPNO=0x000000000000000e

Top of Stack: (sp=0x00007ffee46bca10)
0x00007ffee46bca10:   0000000110bccf2f 00007ffee46bcee0
0x00007ffee46bca20:   018a2b6ffbd23c7c 0000000000000c00
0x00007ffee46bca30:   00007ffee46bd190 0000000000000000
0x00007ffee46bca40:   00007ffee46bca50 00007fff207aed7d
0x00007ffee46bca50:   00007ffee46bcff0 00000001106401f2
0x00007ffee46bca60:   00000001106c1298 00000001106c26a0
0x00007ffee46bca70:   0100001f00000085 00007fff80a90838
0x00007ffee46bca80:   0000000010004005 0000000007000806
0x00007ffee46bca90:   00007ffee46bcf98 0000000000000000
0x00007ffee46bcaa0:   00007ffee46bd190 0000000007000806
0x00007ffee46bcab0:   00007ffee46bcff0 00007ffee46bcf98
0x00007ffee46bcac0:   0000000000001303 00000000ffffffff
0x00007ffee46bcad0:   0000000000000c00 0000000000000206
0x00007ffee46bcae0:   0000000007000806 0000000000000c00
0x00007ffee46bcaf0:   00007ffee46bd190 0000000000000000
0x00007ffee46bcb00:   00007fff2073429a 0000000000000206
0x00007ffee46bcb10:   0000000000000007 0000000000000000
0x00007ffee46bcb20:   0000000000000000 0000000000000000
0x00007ffee46bcb30:   000000000000037f 0000000000000000
0x00007ffee46bcb40:   0000000000000000 0000ffff00001fa1
0x00007ffee46bcb50:   0000000000000000 000000000000ffff
0x00007ffee46bcb60:   0000000000000000 0000000000000000
0x00007ffee46bcb70:   0000000000000000 0000000000000000
0x00007ffee46bcb80:   0000000000000000 0000000000000000
0x00007ffee46bcb90:   0000000000000000 0000000000000000
0x00007ffee46bcba0:   0000000000000000 000000000000ffff
0x00007ffee46bcbb0:   0000000002b5203d 000000000000ffff
0x00007ffee46bcbc0:   00000000ffffbce0 000000000000ffff
0x00007ffee46bcbd0:   41c5941f70610da6 0000000000000000
0x00007ffee46bcbe0:   3fe8436976bc1eff 0000000000000000
0x00007ffee46bcbf0:   4415af1d78b58c40 0000000000000000
0x00007ffee46bcc00:   c3e0000000000000 0000000000000000 

Instructions: (pc=0x0000000110bccf5a)
0x0000000110bccf3a:   54 53 50 49 89 d6 48 89 f3 e8 72 77 12 00 44 8b
0x0000000110bccf4a:   20 48 8d 05 c6 84 26 00 48 63 38 e8 48 7a 12 00
0x0000000110bccf5a:   48 8b 80 30 01 00 00 8b 48 34 83 f9 01 0f 85 c9
0x0000000110bccf6a:   00 00 00 4c 89 70 40 48 89 58 38 48 8d 58 34 4c 

Register to memory mapping:

RAX=0x0000000000000000 is an unknown value
RBX=0x00007ffee46bce78 is an unknown value
RCX=0x00000001106f4eac is an unknown value
RDX=0x00007ffee46bcee0 is an unknown value
RSP=0x00007ffee46bca10 is an unknown value
RBP=0x00007ffee46bca40 is an unknown value
RSI=0x00007ffee46bce78 is an unknown value
RDI=0x000000000000010d is an unknown value
R8 =0x00007ffee46bcee0 is an unknown value
R9 =0x018a2b6ffbd23c7c is an unknown value
R10=0x0000000000000c00 is an unknown value
R11=0x0000000000000206 is an unknown value
R12=0x0000000000000001 is an unknown value
R13=0x0000000000000c00 is an unknown value
R14=0x00007ffee46bcee0 is an unknown value
R15=0x0000000000000000 is an unknown value


Stack: [0x00007ffee3ec0000,0x00007ffee46c0000],  sp=0x00007ffee46bca10,  free space=8178k
Native frames: (J=compiled Java code, j=interpreted, Vv=VM code, C=native code)
V  [libjvm.dylib+0x497f5a]  SR_handler(int, __siginfo*, __darwin_ucontext*)+0x2b
C  [libsystem_platform.dylib+0x3d7d]  _sigtramp+0x1d
C  0x00000001106401f2
C  [CoreFoundation+0x80ebf]  __CFRunLoopServiceMachPort+0x13c
C  [CoreFoundation+0x7f59f]  __CFRunLoopRun+0x530
C  [CoreFoundation+0x7e9ac]  CFRunLoopRunSpecific+0x233
C  [java+0x876a]  CreateExecutionEnvironment+0x355
C  [java+0x4edf]  JLI_Launch+0x74f
C  [java+0xae7b]  main+0x44
C  [libdyld.dylib+0x15f3d]  start+0x1


---------------  P R O C E S S  ---------------

VM state:not at safepoint (normal execution)

VM Mutex/Monitor currently owned by a thread: None

heap address: 0x00000006c0000000, size: 4096 MB, Compressed Oops mode: Zero based, Oop shift amount: 3
Narrow klass base: 0x0000000000000000, Narrow klass shift: 3
Compressed class space size: 1073741824 Address: 0x00000007c0000000

Heap:
 PSYoungGen      total 76288K, used 15729K [0x000000076ab00000, 0x0000000770000000, 0x00000007c0000000)
  eden space 65536K, 24% used [0x000000076ab00000,0x000000076ba5c5f8,0x000000076eb00000)
  from space 10752K, 0% used [0x000000076f580000,0x000000076f580000,0x0000000770000000)
  to   space 10752K, 0% used [0x000000076eb00000,0x000000076eb00000,0x000000076f580000)
 ParOldGen       total 175104K, used 0K [0x00000006c0000000, 0x00000006cab00000, 0x000000076ab00000)
  object space 175104K, 0% used [0x00000006c0000000,0x00000006c0000000,0x00000006cab00000)
 Metaspace       used 7444K, capacity 7571K, committed 7680K, reserved 1056768K
  class space    used 901K, capacity 944K, committed 1024K, reserved 1048576K

Card table byte_map: [0x000000010fbc0000,0x00000001103c1000] byte_map_base: 0x000000010c5c0000

Marking Bits: (ParMarkBitMap*) 0x0000000110e66df8
 Begin Bits: [0x0000000120ab7000, 0x0000000124ab7000)
 End Bits:   [0x0000000124ab7000, 0x0000000128ab7000)

Polling page: 0x000000010b5c5000

CodeCache: size=245760Kb used=2706Kb max_used=2706Kb free=243053Kb
 bounds [0x0000000111561000, 0x0000000111811000, 0x0000000120561000]
 total_blobs=808 nmethods=501 adapters=221
 compilation: enabled

Compilation events (10 events):
Event: 0.965 Thread 0x00007f9af4028800 nmethod 490 0x00000001117ec9d0 code [0x00000001117ecb20, 0x00000001117ecc70]
Event: 0.966 Thread 0x00007f9af4025000  492       4       freemarker.core.FMParserTokenManager::jjCheckNAddStates (18 bytes)
Event: 0.969 Thread 0x00007f9af4027800  493       4       freemarker.core.FMParser::jj_consume_token (170 bytes)
Event: 0.970 Thread 0x00007f9af4025000 nmethod 492 0x0000000111802450 code [0x00000001118025c0, 0x0000000111802818]
Event: 0.970 Thread 0x00007f9af4025000  494       4       freemarker.core.FMParserTokenManager::jjFillToken (97 bytes)
Event: 0.973 Thread 0x00007f9af4028800  495       3       freemarker.core.SimpleCharStream::GetSuffix (90 bytes)
Event: 0.974 Thread 0x00007f9af4027800 nmethod 493 0x0000000111801e10 code [0x0000000111801f80, 0x0000000111802208]
Event: 0.974 Thread 0x00007f9af4028800 nmethod 495 0x00000001118016d0 code [0x0000000111801860, 0x0000000111801d08]
Event: 0.974 Thread 0x00007f9af4028800  496       3       java.lang.AbstractStringBuilder::append (39 bytes)
Event: 0.974 Thread 0x00007f9af4028800 nmethod 496 0x0000000111800cd0 code [0x0000000111800e80, 0x0000000111801448]

GC Heap History (0 events):
No events

Deoptimization events (1 events):
Event: 0.354 Thread 0x00007f9af180c000 Uncommon trap: reason=unstable_if action=reinterpret pc=0x00000001116decac method=fmpp.tdd.Interpreter.skipWS()C @ 13

Classes redefined (0 events):
No events

Internal exceptions (10 events):
Event: 0.382 Thread 0x00007f9af180c000 Exception <a 'java/lang/ClassNotFoundException': java/util/AbstractListBeanInfo> (0x000000076b35a3a8) thrown at [/Users/java_re/jenkins/workspace/8-2-build-macosx-x64-Xcode12.4-sans-NAS/jdk8u391/514/hotspot/src/share/vm/classfile/systemDictionary.cpp, lin
Event: 0.382 Thread 0x00007f9af180c000 Exception <a 'java/lang/ClassNotFoundException': java/util/AbstractCollectionBeanInfo> (0x000000076b35b900) thrown at [/Users/java_re/jenkins/workspace/8-2-build-macosx-x64-Xcode12.4-sans-NAS/jdk8u391/514/hotspot/src/share/vm/classfile/systemDictionary.cp
Event: 0.382 Thread 0x00007f9af180c000 Exception <a 'java/lang/ClassNotFoundException': java/util/AbstractCollectionCustomizer> (0x000000076b35d018) thrown at [/Users/java_re/jenkins/workspace/8-2-build-macosx-x64-Xcode12.4-sans-NAS/jdk8u391/514/hotspot/src/share/vm/classfile/systemDictionary.
Event: 0.388 Thread 0x00007f9af180c000 Exception <a 'java/lang/ClassNotFoundException': java/util/AbstractListCustomizer> (0x000000076b36a250) thrown at [/Users/java_re/jenkins/workspace/8-2-build-macosx-x64-Xcode12.4-sans-NAS/jdk8u391/514/hotspot/src/share/vm/classfile/systemDictionary.cpp, l
Event: 0.390 Thread 0x00007f9af180c000 Exception <a 'java/lang/ClassNotFoundException': java/util/ArrayListCustomizer> (0x000000076b378590) thrown at [/Users/java_re/jenkins/workspace/8-2-build-macosx-x64-Xcode12.4-sans-NAS/jdk8u391/514/hotspot/src/share/vm/classfile/systemDictionary.cpp, line
Event: 0.394 Thread 0x00007f9af180c000 Exception <a 'java/lang/ClassNotFoundException': java/lang/StringBeanInfo> (0x000000076b3a23c8) thrown at [/Users/java_re/jenkins/workspace/8-2-build-macosx-x64-Xcode12.4-sans-NAS/jdk8u391/514/hotspot/src/share/vm/classfile/systemDictionary.cpp, line 213]
Event: 0.394 Thread 0x00007f9af180c000 Exception <a 'java/lang/ClassNotFoundException': java/lang/StringCustomizer> (0x000000076b3a3290) thrown at [/Users/java_re/jenkins/workspace/8-2-build-macosx-x64-Xcode12.4-sans-NAS/jdk8u391/514/hotspot/src/share/vm/classfile/systemDictionary.cpp, line 21
Event: 0.403 Thread 0x00007f9af180c000 Exception <a 'java/lang/ClassNotFoundException': java/math/BigDecimalBeanInfo> (0x000000076b3df530) thrown at [/Users/java_re/jenkins/workspace/8-2-build-macosx-x64-Xcode12.4-sans-NAS/jdk8u391/514/hotspot/src/share/vm/classfile/systemDictionary.cpp, line 
Event: 0.403 Thread 0x00007f9af180c000 Exception <a 'java/lang/ClassNotFoundException': java/math/BigDecimalCustomizer> (0x000000076b3e04b0) thrown at [/Users/java_re/jenkins/workspace/8-2-build-macosx-x64-Xcode12.4-sans-NAS/jdk8u391/514/hotspot/src/share/vm/classfile/systemDictionary.cpp, lin
Event: 0.882 Thread 0x00007f9af180c000 Exception <a 'java/lang/NoClassDefFoundError': org/python/core/PyException> (0x000000076b8f2ee8) thrown at [/Users/java_re/jenkins/workspace/8-2-build-macosx-x64-Xcode12.4-sans-NAS/jdk8u391/514/hotspot/src/share/vm/classfile/systemDictionary.cpp, line 202

Events (10 events):
Event: 0.914 loading class freemarker/core/FMParser$ParserIteratorBlockContext
Event: 0.915 loading class freemarker/core/FMParser$ParserIteratorBlockContext done
Event: 0.915 loading class freemarker/core/NonStringOrTemplateOutputException
Event: 0.915 loading class freemarker/core/NonStringOrTemplateOutputException done
Event: 0.965 Thread 0x00007f9af180c000 DEOPT PACKING pc=0x00000001117e3520 sp=0x000070000e0c1110
Event: 0.965 Thread 0x00007f9af180c000 DEOPT UNPACKING pc=0x00000001115a8804 sp=0x000070000e0c0e60 mode 0
Event: 0.974 loading class freemarker/template/utility/NullWriter
Event: 0.974 loading class freemarker/template/utility/NullWriter done
Event: 0.974 loading class freemarker/core/NonMethodException
Event: 0.974 loading class freemarker/core/NonMethodException done


Dynamic libraries:
0x00007fff352d4000 	/System/Library/Frameworks/Cocoa.framework/Versions/A/Cocoa
0x00007fff225fa000 	/System/Library/Frameworks/Security.framework/Versions/A/Security
0x00007fff334d7000 	/System/Library/Frameworks/ApplicationServices.framework/Versions/A/ApplicationServices
0x00007fff2a87e000 	/usr/lib/libz.1.dylib
0x00007fff2a946000 	/usr/lib/libSystem.B.dylib
0x00007fff207e1000 	/System/Library/Frameworks/CoreFoundation.framework/Versions/A/CoreFoundation
0x00007fff21592000 	/System/Library/Frameworks/Foundation.framework/Versions/C/Foundation
0x00007fff20601000 	/usr/lib/libobjc.A.dylib
0x00007fff2302b000 	/System/Library/Frameworks/AppKit.framework/Versions/C/AppKit
0x00007fff25eef000 	/System/Library/Frameworks/CoreData.framework/Versions/A/CoreData
0x00007fff23d77000 	/System/Library/PrivateFrameworks/UIFoundation.framework/Versions/A/UIFoundation
0x00007fff2ff7d000 	/System/Library/PrivateFrameworks/RemoteViewServices.framework/Versions/A/RemoteViewServices
0x00007fff28d89000 	/System/Library/PrivateFrameworks/XCTTargetBootstrap.framework/Versions/A/XCTTargetBootstrap
0x00007fff2ba72000 	/usr/lib/libspindump.dylib
0x00007fff23fc6000 	/System/Library/Frameworks/UniformTypeIdentifiers.framework/Versions/A/UniformTypeIdentifiers
0x00007fff2758d000 	/usr/lib/libapp_launch_measurement.dylib
0x00007fff27590000 	/System/Library/PrivateFrameworks/CoreAutoLayout.framework/Versions/A/CoreAutoLayout
0x00007fff286f0000 	/System/Library/Frameworks/Metal.framework/Versions/A/Metal
0x00007fff293e7000 	/usr/lib/liblangid.dylib
0x00007fff28d8d000 	/System/Library/PrivateFrameworks/CoreSVG.framework/Versions/A/CoreSVG
0x00007fff25005000 	/System/Library/PrivateFrameworks/SkyLight.framework/Versions/A/SkyLight
0x00007fff2536b000 	/System/Library/Frameworks/CoreGraphics.framework/Versions/A/CoreGraphics
0x00007fff304a4000 	/System/Library/Frameworks/Accelerate.framework/Versions/A/Accelerate
0x00007fff2b4b0000 	/System/Library/PrivateFrameworks/IconServices.framework/Versions/A/IconServices
0x00007fff286d4000 	/System/Library/Frameworks/IOSurface.framework/Versions/A/IOSurface
0x00007fff26878000 	/usr/lib/libDiagnosticMessagesClient.dylib
0x00007fff28d75000 	/System/Library/PrivateFrameworks/DFRFoundation.framework/Versions/A/DFRFoundation
0x00007fff22952000 	/usr/lib/libicucore.A.dylib
0x00007fff2cfb7000 	/System/Library/Frameworks/AudioToolbox.framework/Versions/A/AudioToolbox
0x00007fff2c23f000 	/System/Library/PrivateFrameworks/DataDetectorsCore.framework/Versions/A/DataDetectorsCore
0x00007fff24f78000 	/usr/lib/libMobileGestalt.dylib
0x00007fff28a79000 	/System/Library/Frameworks/Carbon.framework/Versions/A/Frameworks/HIToolbox.framework/Versions/A/HIToolbox
0x00007fff26fd2000 	/System/Library/Frameworks/QuartzCore.framework/Versions/A/QuartzCore
0x00007fff2ffb5000 	/System/Library/Frameworks/Carbon.framework/Versions/A/Frameworks/SpeechRecognition.framework/Versions/A/SpeechRecognition
0x00007fff272f2000 	/System/Library/PrivateFrameworks/CoreUI.framework/Versions/A/CoreUI
0x00007fff21f68000 	/System/Library/Frameworks/CoreAudio.framework/Versions/A/CoreAudio
0x00007fff26963000 	/System/Library/Frameworks/DiskArbitration.framework/Versions/A/DiskArbitration
0x00007fff2be40000 	/System/Library/PrivateFrameworks/MultitouchSupport.framework/Versions/A/MultitouchSupport
0x00007fff2c236000 	/System/Library/PrivateFrameworks/InternationalSupport.framework/Versions/A/InternationalSupport
0x00007fff24f77000 	/usr/lib/libenergytrace.dylib
0x00007fff22f22000 	/System/Library/Frameworks/IOKit.framework/Versions/A/IOKit
0x00007fff302e8000 	/System/Library/Frameworks/CoreServices.framework/Versions/A/CoreServices
0x00007fff2751f000 	/System/Library/PrivateFrameworks/PerformanceAnalysis.framework/Versions/A/PerformanceAnalysis
0x00007fff6bc81000 	/System/Library/Frameworks/OpenGL.framework/Versions/A/OpenGL
0x00007fff2c2ba000 	/System/Library/PrivateFrameworks/UserActivity.framework/Versions/A/UserActivity
0x00007fff259f5000 	/System/Library/Frameworks/ColorSync.framework/Versions/A/ColorSync
0x00007fff28ff5000 	/System/Library/Frameworks/CoreImage.framework/Versions/A/CoreImage
0x00007fff21d82000 	/System/Library/Frameworks/CoreText.framework/Versions/A/CoreText
0x00007fff28db7000 	/System/Library/Frameworks/ImageIO.framework/Versions/A/ImageIO
0x00007fff2a94c000 	/System/Library/PrivateFrameworks/SoftLinking.framework/Versions/A/SoftLinking
0x00007fff275d8000 	/usr/lib/libxml2.2.dylib
0x00007fff206c7000 	/usr/lib/libc++.1.dylib
0x00007fff2abbe000 	/usr/lib/libcompression.dylib
0x00007fff2c168000 	/System/Library/PrivateFrameworks/TextureIO.framework/Versions/A/TextureIO
0x00007fff2b1ee000 	/usr/lib/libate.dylib
0x00007fff2a940000 	/usr/lib/system/libcache.dylib
0x00007fff2a8fc000 	/usr/lib/system/libcommonCrypto.dylib
0x00007fff2a926000 	/usr/lib/system/libcompiler_rt.dylib
0x00007fff2a91b000 	/usr/lib/system/libcopyfile.dylib
0x00007fff204f1000 	/usr/lib/system/libcorecrypto.dylib
0x00007fff205bc000 	/usr/lib/system/libdispatch.dylib
0x00007fff2076f000 	/usr/lib/system/libdyld.dylib
0x00007fff2a937000 	/usr/lib/system/libkeymgr.dylib
0x00007fff2dd4e000 	/usr/lib/system/liblaunch.dylib
0x00007fff2a8da000 	/usr/lib/system/libmacho.dylib
0x00007fff2a0d2000 	/usr/lib/system/libquarantine.dylib
0x00007fff2a934000 	/usr/lib/system/libremovefile.dylib
0x00007fff24fd5000 	/usr/lib/system/libsystem_asl.dylib
0x00007fff204a1000 	/usr/lib/system/libsystem_blocks.dylib
0x00007fff2063e000 	/usr/lib/system/libsystem_c.dylib
0x00007fff2a92e000 	/usr/lib/system/libsystem_collections.dylib
0x00007fff293d8000 	/usr/lib/system/libsystem_configuration.dylib
0x00007fff286c3000 	/usr/lib/system/libsystem_containermanager.dylib
0x00007fff2a67d000 	/usr/lib/system/libsystem_coreservices.dylib
0x00007fff22bb2000 	/usr/lib/system/libsystem_darwin.dylib
0x00007fff2a938000 	/usr/lib/system/libsystem_dnssd.dylib
0x00007fff2063b000 	/usr/lib/system/libsystem_featureflags.dylib
0x00007fff207b5000 	/usr/lib/system/libsystem_info.dylib
0x00007fff2a891000 	/usr/lib/system/libsystem_m.dylib
0x00007fff2058f000 	/usr/lib/system/libsystem_malloc.dylib
0x00007fff24f68000 	/usr/lib/system/libsystem_networkextension.dylib
0x00007fff22fd1000 	/usr/lib/system/libsystem_notify.dylib
0x00007fff301ea000 	/usr/lib/system/libsystem_product_info_filter.dylib
0x00007fff293dc000 	/usr/lib/system/libsystem_sandbox.dylib
0x00007fff2a931000 	/usr/lib/system/libsystem_secinit.dylib
0x00007fff20733000 	/usr/lib/system/libsystem_kernel.dylib
0x00007fff207ab000 	/usr/lib/system/libsystem_platform.dylib
0x00007fff20763000 	/usr/lib/system/libsystem_pthread.dylib
0x00007fff266b4000 	/usr/lib/system/libsystem_symptoms.dylib
0x00007fff204d9000 	/usr/lib/system/libsystem_trace.dylib
0x00007fff2a908000 	/usr/lib/system/libunwind.dylib
0x00007fff204a3000 	/usr/lib/system/libxpc.dylib
0x00007fff2071d000 	/usr/lib/libc++abi.dylib
0x00007fff2a913000 	/usr/lib/liboah.dylib
0x00007fff2afd2000 	/usr/lib/liblzma.5.dylib
0x00007fff212a6000 	/System/Library/Frameworks/SystemConfiguration.framework/Versions/A/SystemConfiguration
0x00007fff2a948000 	/usr/lib/libfakelink.dylib
0x00007fff24aca000 	/System/Library/Frameworks/CFNetwork.framework/Versions/A/CFNetwork
0x00007fff2aa88000 	/usr/lib/libarchive.2.dylib
0x00007fff21324000 	/usr/lib/libCRFSuite.dylib
0x00007fff2a0f9000 	/usr/lib/libbsm.0.dylib
0x00007fff24443000 	/usr/lib/libnetwork.dylib
0x00007fff2a94d000 	/usr/lib/libpcap.A.dylib
0x00007fff266ad000 	/usr/lib/libdns_services.dylib
0x00007fff2afeb000 	/usr/lib/libcoretls_cfhelpers.dylib
0x00007fff2ab87000 	/usr/lib/libapple_nghttp2.dylib
0x00007fff2a8e0000 	/usr/lib/system/libkxld.dylib
0x00007fff26325000 	/usr/lib/libsqlite3.dylib
0x00007fff2a660000 	/System/Library/PrivateFrameworks/AppleFSCompression.framework/Versions/A/AppleFSCompression
0x00007fff2a0e1000 	/usr/lib/libcoretls.dylib
0x00007fff2abb8000 	/usr/lib/libpam.2.dylib
0x00007fff2b0e9000 	/usr/lib/libxar.1.dylib
0x00007fff293e3000 	/System/Library/PrivateFrameworks/AppleSystemInfo.framework/Versions/A/AppleSystemInfo
0x00007fff29d23000 	/System/Library/PrivateFrameworks/IOMobileFramebuffer.framework/Versions/A/IOMobileFramebuffer
0x00007fff2a670000 	/usr/lib/libbz2.1.0.dylib
0x00007fff2a985000 	/usr/lib/libiconv.2.dylib
0x00007fff2a8d9000 	/usr/lib/libcharset.1.dylib
0x00007fff2755b000 	/System/Library/Frameworks/CoreServices.framework/Versions/A/Frameworks/FSEvents.framework/Versions/A/FSEvents
0x00007fff22bbc000 	/System/Library/Frameworks/CoreServices.framework/Versions/A/Frameworks/CarbonCore.framework/Versions/A/CarbonCore
0x00007fff268c8000 	/System/Library/Frameworks/CoreServices.framework/Versions/A/Frameworks/Metadata.framework/Versions/A/Metadata
0x00007fff2a682000 	/System/Library/Frameworks/CoreServices.framework/Versions/A/Frameworks/OSServices.framework/Versions/A/OSServices
0x00007fff2aafa000 	/System/Library/Frameworks/CoreServices.framework/Versions/A/Frameworks/SearchKit.framework/Versions/A/SearchKit
0x00007fff26638000 	/System/Library/Frameworks/CoreServices.framework/Versions/A/Frameworks/AE.framework/Versions/A/AE
0x00007fff20c7f000 	/System/Library/Frameworks/CoreServices.framework/Versions/A/Frameworks/LaunchServices.framework/Versions/A/LaunchServices
0x00007fff2af82000 	/System/Library/Frameworks/CoreServices.framework/Versions/A/Frameworks/DictionaryServices.framework/Versions/A/DictionaryServices
0x00007fff27568000 	/System/Library/Frameworks/CoreServices.framework/Versions/A/Frameworks/SharedFileList.framework/Versions/A/SharedFileList
0x00007fff2a0d5000 	/usr/lib/libCheckFix.dylib
0x00007fff24fec000 	/System/Library/PrivateFrameworks/TCC.framework/Versions/A/TCC
0x00007fff293e9000 	/System/Library/PrivateFrameworks/CoreNLP.framework/Versions/A/CoreNLP
0x00007fff2687b000 	/System/Library/PrivateFrameworks/MetadataUtilities.framework/Versions/A/MetadataUtilities
0x00007fff21359000 	/usr/lib/libmecabra.dylib
0x00007fff2a3df000 	/System/Library/Frameworks/MLCompute.framework/Versions/A/MLCompute
0x00007fff2a10a000 	/usr/lib/libmecab.dylib
0x00007fff2a154000 	/usr/lib/libgermantok.dylib
0x00007fff2ab62000 	/usr/lib/libThaiTokenizer.dylib
0x00007fff2b125000 	/usr/lib/libChineseTokenizer.dylib
0x00007fff2abb6000 	/System/Library/Frameworks/MetalPerformanceShaders.framework/Versions/A/MetalPerformanceShaders
0x00007fff2696a000 	/System/Library/Frameworks/Accelerate.framework/Versions/A/Frameworks/vImage.framework/Versions/A/vImage
0x00007fff302c2000 	/System/Library/Frameworks/Accelerate.framework/Versions/A/Frameworks/vecLib.framework/Versions/A/vecLib
0x00007fff2b130000 	/System/Library/Frameworks/Accelerate.framework/Versions/A/Frameworks/vecLib.framework/Versions/A/libvMisc.dylib
0x00007fff29b3e000 	/System/Library/Frameworks/Accelerate.framework/Versions/A/Frameworks/vecLib.framework/Versions/A/libvDSP.dylib
0x00007fff20f8c000 	/System/Library/Frameworks/Accelerate.framework/Versions/A/Frameworks/vecLib.framework/Versions/A/libBLAS.dylib
0x00007fff2abe4000 	/System/Library/Frameworks/Accelerate.framework/Versions/A/Frameworks/vecLib.framework/Versions/A/libLAPACK.dylib
0x00007fff2a15a000 	/System/Library/Frameworks/Accelerate.framework/Versions/A/Frameworks/vecLib.framework/Versions/A/libLinearAlgebra.dylib
0x00007fff2ab9f000 	/System/Library/Frameworks/Accelerate.framework/Versions/A/Frameworks/vecLib.framework/Versions/A/libSparseBLAS.dylib
0x00007fff2abde000 	/System/Library/Frameworks/Accelerate.framework/Versions/A/Frameworks/vecLib.framework/Versions/A/libQuadrature.dylib
0x00007fff29495000 	/System/Library/Frameworks/Accelerate.framework/Versions/A/Frameworks/vecLib.framework/Versions/A/libBNNS.dylib
0x00007fff21237000 	/System/Library/Frameworks/Accelerate.framework/Versions/A/Frameworks/vecLib.framework/Versions/A/libSparse.dylib
0x00007fff29371000 	/System/Library/Frameworks/MetalPerformanceShaders.framework/Versions/A/Frameworks/MPSCore.framework/Versions/A/MPSCore
0x00007fff2a5cf000 	/System/Library/Frameworks/MetalPerformanceShaders.framework/Versions/A/Frameworks/MPSImage.framework/Versions/A/MPSImage
0x00007fff2a170000 	/System/Library/Frameworks/MetalPerformanceShaders.framework/Versions/A/Frameworks/MPSNeuralNetwork.framework/Versions/A/MPSNeuralNetwork
0x00007fff2a541000 	/System/Library/Frameworks/MetalPerformanceShaders.framework/Versions/A/Frameworks/MPSMatrix.framework/Versions/A/MPSMatrix
0x00007fff2a38f000 	/System/Library/Frameworks/MetalPerformanceShaders.framework/Versions/A/Frameworks/MPSRayIntersector.framework/Versions/A/MPSRayIntersector
0x00007fff2a578000 	/System/Library/Frameworks/MetalPerformanceShaders.framework/Versions/A/Frameworks/MPSNDArray.framework/Versions/A/MPSNDArray
0x00007fff20eb7000 	/System/Library/PrivateFrameworks/MetalTools.framework/Versions/A/MetalTools
0x00007fff293e1000 	/System/Library/PrivateFrameworks/AggregateDictionary.framework/Versions/A/AggregateDictionary
0x00007fff26848000 	/System/Library/PrivateFrameworks/CoreAnalytics.framework/Versions/A/CoreAnalytics
0x00007fff2ab64000 	/System/Library/PrivateFrameworks/AppleSauce.framework/Versions/A/AppleSauce
0x00007fff286e6000 	/System/Library/PrivateFrameworks/IOAccelerator.framework/Versions/A/IOAccelerator
0x00007fff6bc75000 	/System/Library/Frameworks/OpenGL.framework/Versions/A/Libraries/libCoreFSCache.dylib
0x00007fff218f1000 	/System/Library/PrivateFrameworks/LanguageModeling.framework/Versions/A/LanguageModeling
0x00007fff29d11000 	/System/Library/PrivateFrameworks/CoreEmoji.framework/Versions/A/CoreEmoji
0x00007fff2948e000 	/System/Library/PrivateFrameworks/LinguisticData.framework/Versions/A/LinguisticData
0x00007fff211e9000 	/System/Library/PrivateFrameworks/Lexicon.framework/Versions/A/Lexicon
0x00007fff2aa76000 	/usr/lib/libcmph.dylib
0x00007fff2753b000 	/System/Library/Frameworks/OpenDirectory.framework/Versions/A/Frameworks/CFOpenDirectory.framework/Versions/A/CFOpenDirectory
0x00007fff2752b000 	/System/Library/Frameworks/OpenDirectory.framework/Versions/A/OpenDirectory
0x00007fff2afed000 	/System/Library/PrivateFrameworks/APFS.framework/Versions/A/APFS
0x00007fff2a037000 	/System/Library/Frameworks/SecurityFoundation.framework/Versions/A/SecurityFoundation
0x00007fff2b0f8000 	/usr/lib/libutil.dylib
0x00007fff22ee7000 	/System/Library/PrivateFrameworks/CoreServicesStore.framework/Versions/A/CoreServicesStore
0x00007fff2a0cd000 	/System/Library/Frameworks/ServiceManagement.framework/Versions/A/ServiceManagement
0x00007fff2b0fc000 	/usr/lib/libxslt.1.dylib
0x00007fff2a0c3000 	/System/Library/PrivateFrameworks/BackgroundTaskManagement.framework/Versions/A/BackgroundTaskManagement
0x00007fff2c0b2000 	/System/Library/Frameworks/ImageIO.framework/Versions/A/Resources/libRadiance.dylib
0x00007fff2c0bc000 	/System/Library/Frameworks/ImageIO.framework/Versions/A/Resources/libJPEG.dylib
0x00007fff2c00a000 	/System/Library/Frameworks/ImageIO.framework/Versions/A/Resources/libPng.dylib
0x00007fff2c02b000 	/System/Library/Frameworks/ImageIO.framework/Versions/A/Resources/libTIFF.dylib
0x00007fff2c111000 	/System/Library/Frameworks/ImageIO.framework/Versions/A/Resources/libGIF.dylib
0x00007fff2bd5c000 	/System/Library/Frameworks/ImageIO.framework/Versions/A/Resources/libJP2.dylib
0x00007fff2b477000 	/usr/lib/libexpat.1.dylib
0x00007fff2bd12000 	/System/Library/PrivateFrameworks/AppleJPEG.framework/Versions/A/AppleJPEG
0x00007fff2891c000 	/System/Library/PrivateFrameworks/FontServices.framework/libFontParser.dylib
0x00007fff265ef000 	/System/Library/PrivateFrameworks/RunningBoardServices.framework/Versions/A/RunningBoardServices
0x00007fff2be3c000 	/System/Library/PrivateFrameworks/WatchdogClient.framework/Versions/A/WatchdogClient
0x00007fff219da000 	/System/Library/Frameworks/CoreDisplay.framework/Versions/A/CoreDisplay
0x00007fff28831000 	/System/Library/Frameworks/CoreMedia.framework/Versions/A/CoreMedia
0x00007fff276bb000 	/System/Library/Frameworks/CoreVideo.framework/Versions/A/CoreVideo
0x00007fff2be77000 	/System/Library/Frameworks/VideoToolbox.framework/Versions/A/VideoToolbox
0x00007fff2656f000 	/System/Library/PrivateFrameworks/BaseBoard.framework/Versions/A/BaseBoard
0x00007fff2b5bc000 	/System/Library/PrivateFrameworks/PersistentConnection.framework/Versions/A/PersistentConnection
0x00007fff2630f000 	/System/Library/PrivateFrameworks/ProtocolBuffer.framework/Versions/A/ProtocolBuffer
0x00007fff26557000 	/System/Library/PrivateFrameworks/CommonUtilities.framework/Versions/A/CommonUtilities
0x00007fff2bcd5000 	/System/Library/PrivateFrameworks/Bom.framework/Versions/A/Bom
0x00007fff2c0aa000 	/System/Library/PrivateFrameworks/GPUWrangler.framework/Versions/A/GPUWrangler
0x00007fff2c08d000 	/System/Library/PrivateFrameworks/IOPresentment.framework/Versions/A/IOPresentment
0x00007fff2c0b6000 	/System/Library/PrivateFrameworks/DSExternalDisplay.framework/Versions/A/DSExternalDisplay
0x00007fff2c116000 	/System/Library/PrivateFrameworks/CMCaptureCore.framework/Versions/A/CMCaptureCore
0x00007fff2ba58000 	/System/Library/PrivateFrameworks/AppServerSupport.framework/Versions/A/AppServerSupport
0x00007fff2daf1000 	/System/Library/PrivateFrameworks/perfdata.framework/Versions/A/perfdata
0x00007fff2a026000 	/System/Library/PrivateFrameworks/AssertionServices.framework/Versions/A/AssertionServices
0x00007fff21b11000 	/System/Library/PrivateFrameworks/AudioToolboxCore.framework/Versions/A/AudioToolboxCore
0x00007fff28814000 	/System/Library/PrivateFrameworks/caulk.framework/Versions/A/caulk
0x00007fff3cfb6000 	/System/Library/PrivateFrameworks/SystemPolicy.framework/Versions/A/SystemPolicy
0x00007fff2b286000 	/usr/lib/libIOReport.dylib
0x00007fff2d32d000 	/usr/lib/libSMC.dylib
0x00007fff2bfd6000 	/usr/lib/libAudioToolboxUtility.dylib
0x00007fff3d913000 	/usr/lib/libmis.dylib
0x00007fff6bcd1000 	/System/Library/Frameworks/OpenGL.framework/Versions/A/Libraries/libGLU.dylib
0x00007fff6bc94000 	/System/Library/Frameworks/OpenGL.framework/Versions/A/Libraries/libGFXShared.dylib
0x00007fff6bea2000 	/System/Library/Frameworks/OpenGL.framework/Versions/A/Libraries/libGL.dylib
0x00007fff6bc9d000 	/System/Library/Frameworks/OpenGL.framework/Versions/A/Libraries/libGLImage.dylib
0x00007fff6bc91000 	/System/Library/Frameworks/OpenGL.framework/Versions/A/Libraries/libCVMSPluginSupport.dylib
0x00007fff6bc7c000 	/System/Library/Frameworks/OpenGL.framework/Versions/A/Libraries/libCoreVMClient.dylib
0x00007fff6d2ec000 	/System/Library/Frameworks/OpenCL.framework/Versions/A/OpenCL
0x00007fff2b5e5000 	/System/Library/PrivateFrameworks/GraphVisualizer.framework/Versions/A/GraphVisualizer
0x00007fff2b5f4000 	/System/Library/PrivateFrameworks/FaceCore.framework/Versions/A/FaceCore
0x00007fff2ba10000 	/System/Library/PrivateFrameworks/OTSVG.framework/Versions/A/OTSVG
0x00007fff272b0000 	/System/Library/Frameworks/ApplicationServices.framework/Versions/A/Frameworks/ATS.framework/Versions/A/Resources/libFontRegistry.dylib
0x00007fff2ba5f000 	/System/Library/PrivateFrameworks/FontServices.framework/libhvf.dylib
0x00007fff2b423000 	/System/Library/PrivateFrameworks/AppleVA.framework/Versions/A/AppleVA
0x00007fff2d175000 	/System/Library/Frameworks/ApplicationServices.framework/Versions/A/Frameworks/ATS.framework/Versions/A/ATS
0x00007fff2d488000 	/System/Library/Frameworks/ApplicationServices.framework/Versions/A/Frameworks/ColorSyncLegacy.framework/Versions/A/ColorSyncLegacy
0x00007fff25aed000 	/System/Library/Frameworks/ApplicationServices.framework/Versions/A/Frameworks/HIServices.framework/Versions/A/HIServices
0x00007fff2d46d000 	/System/Library/Frameworks/ApplicationServices.framework/Versions/A/Frameworks/LangAnalysis.framework/Versions/A/LangAnalysis
0x00007fff2c120000 	/System/Library/Frameworks/ApplicationServices.framework/Versions/A/Frameworks/PrintCore.framework/Versions/A/PrintCore
0x00007fff2d490000 	/System/Library/Frameworks/ApplicationServices.framework/Versions/A/Frameworks/QD.framework/Versions/A/QD
0x00007fff2d165000 	/System/Library/Frameworks/ApplicationServices.framework/Versions/A/Frameworks/SpeechSynthesis.framework/Versions/A/SpeechSynthesis
0x00007fff2c0e1000 	/System/Library/Frameworks/ApplicationServices.framework/Versions/A/Frameworks/ATSUI.framework/Versions/A/ATSUI
0x00007fff2d40d000 	/usr/lib/libcups.2.dylib
0x00007fff2d47d000 	/System/Library/PrivateFrameworks/NetAuth.framework/Versions/A/NetAuth
0x00007fff2db0c000 	/System/Library/Frameworks/Kerberos.framework/Versions/A/Kerberos
0x00007fff2db1c000 	/System/Library/Frameworks/GSS.framework/Versions/A/GSS
0x00007fff2d1e2000 	/usr/lib/libresolv.9.dylib
0x00007fff2ba75000 	/System/Library/PrivateFrameworks/Heimdal.framework/Versions/A/Heimdal
0x00007fff337ec000 	/System/Library/Frameworks/Kerberos.framework/Versions/A/Libraries/libHeimdalProxy.dylib
0x00007fff266bc000 	/System/Library/Frameworks/Network.framework/Versions/A/Network
0x00007fff2b491000 	/usr/lib/libheimdal-asn1.dylib
0x00007fff2db6d000 	/System/Library/PrivateFrameworks/CommonAuth.framework/Versions/A/CommonAuth
0x00007fff27709000 	/System/Library/PrivateFrameworks/login.framework/Versions/A/Frameworks/loginsupport.framework/Versions/A/loginsupport
0x00007fff2d0ec000 	/System/Library/PrivateFrameworks/AudioSession.framework/Versions/A/AudioSession
0x00007fff2d152000 	/usr/lib/libAudioStatistics.dylib
0x00007fff2b51d000 	/System/Library/PrivateFrameworks/MediaExperience.framework/Versions/A/MediaExperience
0x00007fff2cf85000 	/System/Library/PrivateFrameworks/AudioSession.framework/libSessionUtility.dylib
0x00007fff2dafd000 	/usr/lib/libperfcheck.dylib
0x00007fff2d49c000 	/System/Library/PrivateFrameworks/AudioResourceArbitration.framework/Versions/A/AudioResourceArbitration
0x00007fff2b49b000 	/System/Library/PrivateFrameworks/IconFoundation.framework/Versions/A/IconFoundation
0x00007fff2ffa5000 	/System/Library/PrivateFrameworks/SpeechRecognitionCore.framework/Versions/A/SpeechRecognitionCore
0x00007fff5d0b4000 	/System/Library/CoreServices/Encodings/libSimplifiedChineseConverter.dylib
0x0000000110735000 	/Library/Internet Plug-Ins/JavaAppletPlugin.plugin/Contents/Home/lib/server/libjvm.dylib
0x000000010b579000 	/Library/Internet Plug-Ins/JavaAppletPlugin.plugin/Contents/Home/lib/libverify.dylib
0x000000010b58d000 	/Library/Internet Plug-Ins/JavaAppletPlugin.plugin/Contents/Home/lib/libjava.dylib
0x000000010b60f000 	/Library/Internet Plug-Ins/JavaAppletPlugin.plugin/Contents/Home/lib/libzip.dylib

VM Arguments:
jvm_args: -Dfmpp.home=/Users/xxy/Desktop/projects/freemark-demo/node_modules/freemarker.js 
java_command: fmpp.tools.CommandLine /Users/xxy/Desktop/projects/freemark-demo/template/MeetingDetailTemplate.ftl -C /var/folders/hp/ypsr_2851091km7597q4htj40000gn/T/8afea42d-6de8-4f8a-87f2-7d24d3c81f86
java_class_path (initial): /Users/xxy/Desktop/projects/freemark-demo/node_modules/freemarker.js/lib/freemarker.jar:/Users/xxy/Desktop/projects/freemark-demo/node_modules/freemarker.js/lib/fmpp.jar:/Users/xxy/Desktop/projects/freemark-demo/node_modules/freemarker.js/lib/bsh.jar
Launcher Type: SUN_STANDARD

Environment Variables:
JAVA_HOME=/Library/Internet Plug-Ins/JavaAppletPlugin.plugin/Contents/Home
PATH=/Users/xxy/.nvm/versions/node/v16.20.2/bin:/usr/local/bin:/usr/local/sbin:/usr/local/bin:/usr/bin:/bin:/usr/sbin:/sbin:/Users/xxy/.nvm/versions/node/v16.20.2/bin:/usr/local/sbin
SHELL=/bin/zsh

Signal Handlers:
SIGSEGV: [libjvm.dylib+0x5a5293], sa_mask[0]=11111111011111110111111111111111, sa_flags=SA_ONSTACK|SA_RESTART|SA_SIGINFO
SIGBUS: [libjvm.dylib+0x5a5293], sa_mask[0]=11111111011111110111111111111111, sa_flags=SA_RESTART|SA_SIGINFO
SIGFPE: [libjvm.dylib+0x5a5293], sa_mask[0]=11111111011111110111111111111111, sa_flags=SA_RESTART|SA_SIGINFO
SIGPIPE: [libjvm.dylib+0x49790e], sa_mask[0]=11111111011111110111111111111111, sa_flags=SA_RESTART|SA_SIGINFO
SIGXFSZ: [libjvm.dylib+0x49790e], sa_mask[0]=11111111011111110111111111111111, sa_flags=SA_RESTART|SA_SIGINFO
SIGILL: [libjvm.dylib+0x5a5293], sa_mask[0]=11111111011111110111111111111111, sa_flags=SA_RESTART|SA_SIGINFO
SIGUSR1: SIG_DFL, sa_mask[0]=00000000000000000000000000000000, sa_flags=SA_RESTART
SIGUSR2: [libjvm.dylib+0x497f2f], sa_mask[0]=00000000000000000000000000000000, sa_flags=SA_RESTART|SA_SIGINFO
SIGHUP: [libjvm.dylib+0x4960b5], sa_mask[0]=11111111011111110111111111111111, sa_flags=SA_RESTART|SA_SIGINFO
SIGINT: [libjvm.dylib+0x4960b5], sa_mask[0]=11111111011111110111111111111111, sa_flags=SA_RESTART|SA_SIGINFO
SIGTERM: [libjvm.dylib+0x4960b5], sa_mask[0]=11111111011111110111111111111111, sa_flags=SA_RESTART|SA_SIGINFO
SIGQUIT: [libjvm.dylib+0x4960b5], sa_mask[0]=11111111011111110111111111111111, sa_flags=SA_RESTART|SA_SIGINFO


---------------  S Y S T E M  ---------------

OS:Bsduname:Darwin 20.6.0 Darwin Kernel Version 20.6.0: Thu Jul  6 22:12:47 PDT 2023; root:xnu-7195.141.49.702.12~1/RELEASE_X86_64 x86_64
rlimit: STACK 8192k, CORE 0k, NPROC 2784, NOFILE 10240, AS infinity
load average:9.61 10.94 11.72

CPU:total 8 (initial active 8) (4 cores per cpu, 2 threads per core) family 6 model 126 stepping 5, cmov, cx8, fxsr, mmx, sse, sse2, sse3, ssse3, sse4.1, sse4.2, popcnt, avx, avx2, aes, clmul, erms, 3dnowpref, lzcnt, ht, tsc, tscinvbit, bmi1, bmi2, adx

Memory: 4k page, physical 16777216k(953700k free)

/proc/meminfo:


vm_info: Java HotSpot(TM) 64-Bit Server VM (25.391-b13) for bsd-amd64 JRE (1.8.0_391-b13), built on Oct  4 2023 07:51:37 by "java_re" with gcc Apple LLVM 12.0.0 (clang-1200.0.32.29)

time: Tue Dec 12 15:10:25 2023
timezone: CST
elapsed time: 0.997318 seconds (0d 0h 0m 0s)

